Started GET "/" for ::1 at 2026-07-19 09:07:35 -0700
  [1m[35m (0.2ms)[0m  [1m[35mCREATE TABLE "schema_migrations" ("version" varchar NOT NULL PRIMARY KEY) /*application='RailsChatDemo'*/[0m
  [1m[35m (0.1ms)[0m  [1m[35mCREATE TABLE "ar_internal_metadata" ("key" varchar NOT NULL PRIMARY KEY, "value" varchar, "created_at" datetime(6) NOT NULL, "updated_at" datetime(6) NOT NULL) /*application='RailsChatDemo'*/[0m
  [1m[36mActiveRecord::SchemaMigration Load (0.1ms)[0m  [1m[34mSELECT "schema_migrations"."version" FROM "schema_migrations" ORDER BY "schema_migrations"."version" ASC /*application='RailsChatDemo'*/[0m
Processing by ChatController#index as */*
  Rendering layout layouts/application.html.erb
  Rendering chat/index.html.erb within layouts/application
  Rendered chat/index.html.erb within layouts/application (Duration: 0.2ms | GC: 0.0ms)
  Rendered layout layouts/application.html.erb (Duration: 5.5ms | GC: 0.8ms)
Completed 200 OK in 25ms (Views: 8.6ms | ActiveRecord: 0.0ms (0 queries, 0 cached) | GC: 1.2ms)


Started GET "/" for 127.0.0.1 at 2026-07-19 09:16:53 -0700
  [1m[36mActiveRecord::SchemaMigration Load (0.1ms)[0m  [1m[34mSELECT "schema_migrations"."version" FROM "schema_migrations" ORDER BY "schema_migrations"."version" ASC /*application='RailsChatDemo'*/[0m
Processing by ChatController#index as HTML
  Rendering layout layouts/application.html.erb
  Rendering chat/index.html.erb within layouts/application
  Rendered chat/index.html.erb within layouts/application (Duration: 0.2ms | GC: 0.0ms)
  Rendered layout layouts/application.html.erb (Duration: 3.6ms | GC: 0.0ms)
Completed 200 OK in 10ms (Views: 5.0ms | ActiveRecord: 0.0ms (0 queries, 0 cached) | GC: 0.4ms)


Started GET "/" for 127.0.0.1 at 2026-07-19 09:16:58 -0700
Processing by ChatController#index as HTML
  Rendering layout layouts/application.html.erb
  Rendering chat/index.html.erb within layouts/application
  Rendered chat/index.html.erb within layouts/application (Duration: 0.0ms | GC: 0.0ms)
  Rendered layout layouts/application.html.erb (Duration: 7.7ms | GC: 0.0ms)
Completed 200 OK in 9ms (Views: 8.2ms | ActiveRecord: 0.0ms (0 queries, 0 cached) | GC: 0.0ms)


Started GET "/" for 127.0.0.1 at 2026-07-19 09:17:05 -0700
Processing by ChatController#index as HTML
  Rendering layout layouts/application.html.erb
  Rendering chat/index.html.erb within layouts/application
  Rendered chat/index.html.erb within layouts/application (Duration: 0.0ms | GC: 0.0ms)
  Rendered layout layouts/application.html.erb (Duration: 0.8ms | GC: 0.0ms)
Completed 200 OK in 2ms (Views: 1.2ms | ActiveRecord: 0.0ms (0 queries, 0 cached) | GC: 0.0ms)


Started GET "/" for 127.0.0.1 at 2026-07-19 09:17:08 -0700
Processing by ChatController#index as HTML
  Rendering layout layouts/application.html.erb
  Rendering chat/index.html.erb within layouts/application
  Rendered chat/index.html.erb within layouts/application (Duration: 0.0ms | GC: 0.0ms)
  Rendered layout layouts/application.html.erb (Duration: 0.8ms | GC: 0.0ms)
Completed 200 OK in 3ms (Views: 1.2ms | ActiveRecord: 0.0ms (0 queries, 0 cached) | GC: 0.0ms)


Started GET "/" for 127.0.0.1 at 2026-07-19 09:17:14 -0700
Processing by ChatController#index as HTML
  Rendering layout layouts/application.html.erb
  Rendering chat/index.html.erb within layouts/application
  Rendered chat/index.html.erb within layouts/application (Duration: 0.0ms | GC: 0.0ms)
  Rendered layout layouts/application.html.erb (Duration: 0.7ms | GC: 0.0ms)
Completed 200 OK in 2ms (Views: 1.1ms | ActiveRecord: 0.0ms (0 queries, 0 cached) | GC: 0.0ms)


Started GET "/" for 127.0.0.1 at 2026-07-19 09:17:51 -0700
Processing by ChatController#index as HTML
  Rendering layout layouts/application.html.erb
  Rendering chat/index.html.erb within layouts/application
  Rendered chat/index.html.erb within layouts/application (Duration: 0.0ms | GC: 0.0ms)
  Rendered layout layouts/application.html.erb (Duration: 0.7ms | GC: 0.0ms)
Completed 200 OK in 2ms (Views: 0.9ms | ActiveRecord: 0.0ms (0 queries, 0 cached) | GC: 0.0ms)


Started GET "/" for 127.0.0.1 at 2026-07-19 09:18:21 -0700
Processing by ChatController#index as HTML
  Rendering layout layouts/application.html.erb
  Rendering chat/index.html.erb within layouts/application
  Rendered chat/index.html.erb within layouts/application (Duration: 0.1ms | GC: 0.0ms)
  Rendered layout layouts/application.html.erb (Duration: 1.3ms | GC: 0.0ms)
Completed 200 OK in 3ms (Views: 1.9ms | ActiveRecord: 0.0ms (0 queries, 0 cached) | GC: 0.0ms)


Started GET "/" for 127.0.0.1 at 2026-07-19 09:19:09 -0700
Processing by ChatController#index as HTML
  Rendering layout layouts/application.html.erb
  Rendering chat/index.html.erb within layouts/application
  Rendered chat/index.html.erb within layouts/application (Duration: 0.1ms | GC: 0.0ms)
  Rendered layout layouts/application.html.erb (Duration: 1.3ms | GC: 0.0ms)
Completed 200 OK in 3ms (Views: 1.9ms | ActiveRecord: 0.0ms (0 queries, 0 cached) | GC: 0.0ms)


Started GET "/" for 127.0.0.1 at 2026-07-19 09:19:11 -0700
Processing by ChatController#index as HTML
  Rendering layout layouts/application.html.erb
  Rendering chat/index.html.erb within layouts/application
  Rendered chat/index.html.erb within layouts/application (Duration: 0.0ms | GC: 0.0ms)
  Rendered layout layouts/application.html.erb (Duration: 0.8ms | GC: 0.0ms)
Completed 200 OK in 2ms (Views: 1.1ms | ActiveRecord: 0.0ms (0 queries, 0 cached) | GC: 0.0ms)


Started GET "/" for 127.0.0.1 at 2026-07-19 09:19:14 -0700
Processing by ChatController#index as HTML
  Rendering layout layouts/application.html.erb
  Rendering chat/index.html.erb within layouts/application
  Rendered chat/index.html.erb within layouts/application (Duration: 0.0ms | GC: 0.0ms)
  Rendered layout layouts/application.html.erb (Duration: 0.4ms | GC: 0.0ms)
Completed 200 OK in 1ms (Views: 0.6ms | ActiveRecord: 0.0ms (0 queries, 0 cached) | GC: 0.0ms)


Started GET "/" for 127.0.0.1 at 2026-07-19 09:19:30 -0700
Processing by ChatController#index as HTML
  Rendering layout layouts/application.html.erb
  Rendering chat/index.html.erb within layouts/application
  Rendered chat/index.html.erb within layouts/application (Duration: 0.1ms | GC: 0.0ms)
  Rendered layout layouts/application.html.erb (Duration: 2.8ms | GC: 0.0ms)
Completed 200 OK in 4ms (Views: 3.3ms | ActiveRecord: 0.0ms (0 queries, 0 cached) | GC: 0.0ms)


Started GET "/" for 127.0.0.1 at 2026-07-19 09:19:30 -0700
Processing by ChatController#index as HTML
  Rendering layout layouts/application.html.erb
  Rendering chat/index.html.erb within layouts/application
  Rendered chat/index.html.erb within layouts/application (Duration: 0.0ms | GC: 0.0ms)
  Rendered layout layouts/application.html.erb (Duration: 0.5ms | GC: 0.0ms)
Completed 200 OK in 1ms (Views: 0.8ms | ActiveRecord: 0.0ms (0 queries, 0 cached) | GC: 0.0ms)


Started GET "/cable" for 127.0.0.1 at 2026-07-19 09:19:30 -0700
Started GET "/cable" [WebSocket] for 127.0.0.1 at 2026-07-19 09:19:32 -0700
Successfully upgraded to WebSocket (REQUEST_METHOD: GET, HTTP_CONNECTION: Upgrade, HTTP_UPGRADE: websocket)
ChatChannel is transmitting the subscription confirmation
ChatChannel is streaming from chat_sdk_web_default
Started GET "/" for 127.0.0.1 at 2026-07-19 09:19:52 -0700
Processing by ChatController#index as HTML
  Rendering layout layouts/application.html.erb
  Rendering chat/index.html.erb within layouts/application
  Rendered chat/index.html.erb within layouts/application (Duration: 0.0ms | GC: 0.0ms)
  Rendered layout layouts/application.html.erb (Duration: 0.6ms | GC: 0.0ms)
Completed 200 OK in 2ms (Views: 0.9ms | ActiveRecord: 0.0ms (0 queries, 0 cached) | GC: 0.0ms)


Finished "/cable" [WebSocket] for 127.0.0.1 at 2026-07-19 09:19:52 -0700
ChatChannel stopped streaming from chat_sdk_web_default
Started GET "/cable" for 127.0.0.1 at 2026-07-19 09:19:52 -0700
Started GET "/cable" [WebSocket] for 127.0.0.1 at 2026-07-19 09:19:52 -0700
Successfully upgraded to WebSocket (REQUEST_METHOD: GET, HTTP_CONNECTION: Upgrade, HTTP_UPGRADE: websocket)
ChatChannel is transmitting the subscription confirmation
ChatChannel is streaming from chat_sdk_web_default
Started GET "/" for 127.0.0.1 at 2026-07-19 09:20:12 -0700
Processing by ChatController#index as HTML
  Rendering layout layouts/application.html.erb
  Rendering chat/index.html.erb within layouts/application
  Rendered chat/index.html.erb within layouts/application (Duration: 0.2ms | GC: 0.0ms)
  Rendered layout layouts/application.html.erb (Duration: 1.5ms | GC: 0.0ms)
Completed 200 OK in 3ms (Views: 2.0ms | ActiveRecord: 0.0ms (0 queries, 0 cached) | GC: 0.0ms)


Started GET "/cable" for 127.0.0.1 at 2026-07-19 09:20:12 -0700
Started GET "/cable" [WebSocket] for 127.0.0.1 at 2026-07-19 09:20:12 -0700
Successfully upgraded to WebSocket (REQUEST_METHOD: GET, HTTP_CONNECTION: Upgrade, HTTP_UPGRADE: websocket)
ChatChannel is transmitting the subscription confirmation
ChatChannel is streaming from chat_sdk_web_default
ChatChannel#receive({"message" => "hello", "user_id" => "guest-fx24ws", "user_name" => "Guest"})
  Rendered chat/_message.html.erb (Duration: 0.2ms | GC: 0.0ms)
[ActionCable] Broadcasting to chat_sdk_web_default: "<!-- BEGIN app/views/chat/_message.html.erb\n--><div id=\"message-5fa56b42-5a76-47c5-bffc-41b458b49f54\" class=\"flex justify-end\">\n  <div class=\"max-w-[80%] px-4 py-2.5 rounded-2xl text-sm leading-relaxed\n    bg-red-600 text-white\">\n    <p class=\"whitespace-pre-wrap\">hello</p>\n  </div>...
ChatChannel transmitting "<!-- BEGIN app/views/chat/_message.html.erb\n--><div id=\"message-5fa56b42-5a76-47c5-bffc-41b458b49f54\" class=\"flex justify-end\">\n  <div class=\"max-w-[80%] px-4 py-2.5 rounded-2xl text-sm leading-relaxed\n    bg-red-600 text-white\">\n    <p class=\"whitespace-pre-wrap\">hello</p>\n  </div>... (via streamed from chat_sdk_web_default)
  Rendered chat/_message.html.erb (Duration: 0.0ms | GC: 0.0ms)
[ActionCable] Broadcasting to chat_sdk_web_default: "<!-- BEGIN app/views/chat/_message.html.erb\n--><div id=\"message-ab88e33d-0973-45ac-9941-e72dadbc3b5e\" class=\"flex \">\n  <div class=\"max-w-[80%] px-4 py-2.5 rounded-2xl text-sm leading-relaxed\n    bg-white dark:bg-gray-800 text-gray-900 dark:text-gray-100 shadow-sm\">\n      <span class=\"...
ChatChannel transmitting "<!-- BEGIN app/views/chat/_message.html.erb\n--><div id=\"message-ab88e33d-0973-45ac-9941-e72dadbc3b5e\" class=\"flex \">\n  <div class=\"max-w-[80%] px-4 py-2.5 rounded-2xl text-sm leading-relaxed\n    bg-white dark:bg-gray-800 text-gray-900 dark:text-gray-100 shadow-sm\">\n      <span class=\"... (via streamed from chat_sdk_web_default)
Started GET "/" for 127.0.0.1 at 2026-07-19 09:20:19 -0700
Processing by ChatController#index as HTML
  Rendering layout layouts/application.html.erb
  Rendering chat/index.html.erb within layouts/application
  Rendered chat/index.html.erb within layouts/application (Duration: 0.2ms | GC: 0.0ms)
  Rendered layout layouts/application.html.erb (Duration: 2.0ms | GC: 0.2ms)
Completed 200 OK in 4ms (Views: 3.0ms | ActiveRecord: 0.0ms (0 queries, 0 cached) | GC: 0.6ms)


Started GET "/cable" for 127.0.0.1 at 2026-07-19 09:20:19 -0700
Started GET "/cable" [WebSocket] for 127.0.0.1 at 2026-07-19 09:20:19 -0700
Successfully upgraded to WebSocket (REQUEST_METHOD: GET, HTTP_CONNECTION: Upgrade, HTTP_UPGRADE: websocket)
ChatChannel is transmitting the subscription confirmation
ChatChannel is streaming from chat_sdk_web_default
Started GET "/" for 127.0.0.1 at 2026-07-19 09:20:30 -0700
Processing by ChatController#index as HTML
  Rendering layout layouts/application.html.erb
  Rendering chat/index.html.erb within layouts/application
  Rendered chat/index.html.erb within layouts/application (Duration: 0.0ms | GC: 0.0ms)
  Rendered layout layouts/application.html.erb (Duration: 0.7ms | GC: 0.0ms)
Completed 200 OK in 2ms (Views: 1.0ms | ActiveRecord: 0.0ms (0 queries, 0 cached) | GC: 0.0ms)


Started GET "/cable" for 127.0.0.1 at 2026-07-19 09:20:30 -0700
Started GET "/cable" [WebSocket] for 127.0.0.1 at 2026-07-19 09:20:30 -0700
Successfully upgraded to WebSocket (REQUEST_METHOD: GET, HTTP_CONNECTION: Upgrade, HTTP_UPGRADE: websocket)
ChatChannel is transmitting the subscription confirmation
ChatChannel is streaming from chat_sdk_web_default
Started GET "/" for 127.0.0.1 at 2026-07-19 09:20:53 -0700
Processing by ChatController#index as HTML
  Rendering layout layouts/application.html.erb
  Rendering chat/index.html.erb within layouts/application
  Rendered chat/index.html.erb within layouts/application (Duration: 0.0ms | GC: 0.0ms)
  Rendered layout layouts/application.html.erb (Duration: 0.5ms | GC: 0.0ms)
Completed 200 OK in 1ms (Views: 0.7ms | ActiveRecord: 0.0ms (0 queries, 0 cached) | GC: 0.0ms)


Finished "/cable" [WebSocket] for 127.0.0.1 at 2026-07-19 09:20:53 -0700
ChatChannel stopped streaming from chat_sdk_web_default
Started GET "/cable" for 127.0.0.1 at 2026-07-19 09:20:53 -0700
Started GET "/cable" [WebSocket] for 127.0.0.1 at 2026-07-19 09:20:53 -0700
Successfully upgraded to WebSocket (REQUEST_METHOD: GET, HTTP_CONNECTION: Upgrade, HTTP_UPGRADE: websocket)
ChatChannel is transmitting the subscription confirmation
ChatChannel is streaming from chat_sdk_web_default
ChatChannel#receive({"message" => "hello", "user_id" => "guest-wo9feq", "user_name" => "Guest"})
  Rendered chat/_message.html.erb (Duration: 0.3ms | GC: 0.0ms)
[ActionCable] Broadcasting to chat_sdk_web_default: "<!-- BEGIN app/views/chat/_message.html.erb\n--><div id=\"message-ea867d58-1577-4d01-8ca5-ed88b0d398a8\" class=\"flex justify-end\">\n  <div class=\"max-w-[80%] px-4 py-2.5 rounded-2xl text-sm leading-relaxed\n    bg-red-600 text-white\">\n    <p class=\"whitespace-pre-wrap\">hello</p>\n  </div>...
  Rendered chat/_message.html.erb (Duration: 0.0ms | GC: 0.0ms)
[ActionCable] Broadcasting to chat_sdk_web_default: "<!-- BEGIN app/views/chat/_message.html.erb\n--><div id=\"message-705bca59-76f3-448d-b7c7-ba1bba34041e\" class=\"flex \">\n  <div class=\"max-w-[80%] px-4 py-2.5 rounded-2xl text-sm leading-relaxed\n    bg-white dark:bg-gray-800 text-gray-900 dark:text-gray-100 shadow-sm\">\n      <span class=\"...
ChatChannel transmitting "<!-- BEGIN app/views/chat/_message.html.erb\n--><div id=\"message-ea867d58-1577-4d01-8ca5-ed88b0d398a8\" class=\"flex justify-end\">\n  <div class=\"max-w-[80%] px-4 py-2.5 rounded-2xl text-sm leading-relaxed\n    bg-red-600 text-white\">\n    <p class=\"whitespace-pre-wrap\">hello</p>\n  </div>... (via streamed from chat_sdk_web_default)
ChatChannel transmitting "<!-- BEGIN app/views/chat/_message.html.erb\n--><div id=\"message-705bca59-76f3-448d-b7c7-ba1bba34041e\" class=\"flex \">\n  <div class=\"max-w-[80%] px-4 py-2.5 rounded-2xl text-sm leading-relaxed\n    bg-white dark:bg-gray-800 text-gray-900 dark:text-gray-100 shadow-sm\">\n      <span class=\"... (via streamed from chat_sdk_web_default)
ChatChannel transmitting "<!-- BEGIN app/views/chat/_message.html.erb\n--><div id=\"message-705bca59-76f3-448d-b7c7-ba1bba34041e\" class=\"flex \">\n  <div class=\"max-w-[80%] px-4 py-2.5 rounded-2xl text-sm leading-relaxed\n    bg-white dark:bg-gray-800 text-gray-900 dark:text-gray-100 shadow-sm\">\n      <span class=\"... (via streamed from chat_sdk_web_default)
ChatChannel transmitting "<!-- BEGIN app/views/chat/_message.html.erb\n--><div id=\"message-ea867d58-1577-4d01-8ca5-ed88b0d398a8\" class=\"flex justify-end\">\n  <div class=\"max-w-[80%] px-4 py-2.5 rounded-2xl text-sm leading-relaxed\n    bg-red-600 text-white\">\n    <p class=\"whitespace-pre-wrap\">hello</p>\n  </div>... (via streamed from chat_sdk_web_default)
ChatChannel#receive({"message" => "deploy to production", "user_id" => "guest-wo9feq", "user_name" => "Guest"})
  Rendered chat/_message.html.erb (Duration: 0.0ms | GC: 0.0ms)
[ActionCable] Broadcasting to chat_sdk_web_default: "<!-- BEGIN app/views/chat/_message.html.erb\n--><div id=\"message-96fc9380-f51d-493f-a3c9-77bd98e013fd\" class=\"flex justify-end\">\n  <div class=\"max-w-[80%] px-4 py-2.5 rounded-2xl text-sm leading-relaxed\n    bg-red-600 text-white\">\n    <p class=\"whitespace-pre-wrap\">deploy to productio...
  Rendered chat/_message.html.erb (Duration: 0.0ms | GC: 0.0ms)
[ActionCable] Broadcasting to chat_sdk_web_default: "<!-- BEGIN app/views/chat/_message.html.erb\n--><div id=\"message-60b0a549-496c-4fe8-86b1-f4b0bcdd6737\" class=\"flex \">\n  <div class=\"max-w-[80%] px-4 py-2.5 rounded-2xl text-sm leading-relaxed\n    bg-white dark:bg-gray-800 text-gray-900 dark:text-gray-100 shadow-sm\">\n      <span class=\"...
ChatChannel transmitting "<!-- BEGIN app/views/chat/_message.html.erb\n--><div id=\"message-96fc9380-f51d-493f-a3c9-77bd98e013fd\" class=\"flex justify-end\">\n  <div class=\"max-w-[80%] px-4 py-2.5 rounded-2xl text-sm leading-relaxed\n    bg-red-600 text-white\">\n    <p class=\"whitespace-pre-wrap\">deploy to productio... (via streamed from chat_sdk_web_default)
ChatChannel transmitting "<!-- BEGIN app/views/chat/_message.html.erb\n--><div id=\"message-60b0a549-496c-4fe8-86b1-f4b0bcdd6737\" class=\"flex \">\n  <div class=\"max-w-[80%] px-4 py-2.5 rounded-2xl text-sm leading-relaxed\n    bg-white dark:bg-gray-800 text-gray-900 dark:text-gray-100 shadow-sm\">\n      <span class=\"... (via streamed from chat_sdk_web_default)
ChatChannel transmitting "<!-- BEGIN app/views/chat/_message.html.erb\n--><div id=\"message-60b0a549-496c-4fe8-86b1-f4b0bcdd6737\" class=\"flex \">\n  <div class=\"max-w-[80%] px-4 py-2.5 rounded-2xl text-sm leading-relaxed\n    bg-white dark:bg-gray-800 text-gray-900 dark:text-gray-100 shadow-sm\">\n      <span class=\"... (via streamed from chat_sdk_web_default)
ChatChannel transmitting "<!-- BEGIN app/views/chat/_message.html.erb\n--><div id=\"message-96fc9380-f51d-493f-a3c9-77bd98e013fd\" class=\"flex justify-end\">\n  <div class=\"max-w-[80%] px-4 py-2.5 rounded-2xl text-sm leading-relaxed\n    bg-red-600 text-white\">\n    <p class=\"whitespace-pre-wrap\">deploy to productio... (via streamed from chat_sdk_web_default)
  Rendered chat/_message.html.erb (Duration: 0.0ms | GC: 0.0ms)
[ActionCable] Broadcasting to chat_sdk_web_default: "<!-- BEGIN app/views/chat/_message.html.erb\n--><div id=\"message-62f1171a-9111-4ef5-9e2e-730820ea0690\" class=\"flex \">\n  <div class=\"max-w-[80%] px-4 py-2.5 rounded-2xl text-sm leading-relaxed\n    bg-white dark:bg-gray-800 text-gray-900 dark:text-gray-100 shadow-sm\">\n      <span class=\"...
ChatChannel transmitting "<!-- BEGIN app/views/chat/_message.html.erb\n--><div id=\"message-62f1171a-9111-4ef5-9e2e-730820ea0690\" class=\"flex \">\n  <div class=\"max-w-[80%] px-4 py-2.5 rounded-2xl text-sm leading-relaxed\n    bg-white dark:bg-gray-800 text-gray-900 dark:text-gray-100 shadow-sm\">\n      <span class=\"... (via streamed from chat_sdk_web_default)
ChatChannel transmitting "<!-- BEGIN app/views/chat/_message.html.erb\n--><div id=\"message-62f1171a-9111-4ef5-9e2e-730820ea0690\" class=\"flex \">\n  <div class=\"max-w-[80%] px-4 py-2.5 rounded-2xl text-sm leading-relaxed\n    bg-white dark:bg-gray-800 text-gray-900 dark:text-gray-100 shadow-sm\">\n      <span class=\"... (via streamed from chat_sdk_web_default)
